# STM32F100 IRQ list
# CD00246267 RM0041 DocID 16188 Rev 4 p.129
#
# This file is in public domain
#
# Put together by Paul Sokolovsky
#
 0 WWDG
 1 PVD
 2 TAMPER_STAMP
 3 RTC_WKUP
 4 FLASH
 5 RCC
 6 EXTI0
 7 EXTI1
 8 EXTI2
 9 EXTI3
10 EXTI4
11 DMA1_Channel1
12 DMA1_Channel2
13 DMA1_Channel3
14 DMA1_Channel4
15 DMA1_Channel5
16 DMA1_Channel6
17 DMA1_Channel7
18 ADC1
23 EXTI9_5
24 TIM1_BRK_TIM15
25 TIM1_UP_TIM16
26 TIM1_TRG_COM_TIM17
27 TIM1_CC
28 TIM2
29 TIM3
30 TIM4
31 I2C1_EV
32 I2C1_ER
33 I2C2_EV
34 I2C2_ER
35 SPI1
36 SPI2
37 USART1
38 USART2
39 USART3
40 EXTI15_10
41 RTC_Alarm
42 CEC
43 TIM12
44 TIM13
45 TIM14
48 FSMC
50 TIM5
51 SPI3
52 UART4
53 UART5
54 TIM6_DAC
55 TIM7
56 DMA2_Channel1
57 DMA2_Channel2
58 DMA2_Channel3
59 DMA2_Channel4_5
60 DMA2_Channel5
